<?xml version="1.0" encoding="UTF-8"?>
<persistence version="2.0" xmlns="http://java.sun.com/xml/ns/persistence" xmlns:xsi="http://www.w3.org/2001/XMLSchema-instance" xsi:schemaLocation="http://java.sun.com/xml/ns/persistence http://java.sun.com/xml/ns/persistence/persistence_2_0.xsd">
    <persistence-unit name="test" transaction-type="JTA">
        <provider>org.apache.openjpa.persistence.PersistenceProviderImpl</provider>
        <jta-data-source>JPACACHETEST</jta-data-source>
        <exclude-unlisted-classes>false</exclude-unlisted-classes>
        <shared-cache-mode>ALL</shared-cache-mode>
        <properties>
            <property name="openjpa.jdbc.SynchronizeMappings" value="buildSchema(SchemaAction=&apos;add,deleteTableContents&apos;,ForeignKeys=true)"/>
            <!--
                    <property name="javax.persistence.jdbc.url" value="jdbc:derby://localhost/memory:jpatest;create=true"/>
                    <property name="javax.persistence.jdbc.password" value="app"/>
                    <property name="javax.persistence.jdbc.driver" value="org.apache.derby.jdbc.ClientDriver"/>
                    <property name="javax.persistence.jdbc.user" value="app"/>
            -->
        </properties>
    </persistence-unit>
</persistence>
